Using pre-set license
Built from '2021.3/staging' branch; Version is '2021.3.3f1 (af2e63e8f9bd) revision 11480675'; Using compiler version '192829333'; Build Type 'Release'
OS: 'Windows 10  (10.0.19045) 64bit Professional' Language: 'ko' Physical Memory: 32647 MB
BatchMode: 1, IsHumanControllingUs: 0, StartBugReporterOnCrash: 0, Is64bit: 1, IsPro: 1

COMMAND LINE ARGUMENTS:
C:\Program Files\Unity\Hub\Editor\2021.3.3f1\Editor\Unity.exe
-adb2
-batchMode
-noUpm
-name
AssetImportWorker0
-projectPath
D:/MyMy/Programming/diceGame
-logFile
Logs/AssetImportWorker0.log
-srvPort
3262
Successfully changed project path to: D:/MyMy/Programming/diceGame
D:/MyMy/Programming/diceGame
[UnityMemory] Configuration Parameters - Can be set up in boot.config
    "memorysetup-bucket-allocator-granularity=16"
    "memorysetup-bucket-allocator-bucket-count=8"
    "memorysetup-bucket-allocator-block-size=33554432"
    "memorysetup-bucket-allocator-block-count=8"
    "memorysetup-main-allocator-block-size=16777216"
    "memorysetup-thread-allocator-block-size=16777216"
    "memorysetup-gfx-main-allocator-block-size=16777216"
    "memorysetup-gfx-thread-allocator-block-size=16777216"
    "memorysetup-cache-allocator-block-size=4194304"
    "memorysetup-typetree-allocator-block-size=2097152"
    "memorysetup-profiler-bucket-allocator-granularity=16"
    "memorysetup-profiler-bucket-allocator-bucket-count=8"
    "memorysetup-profiler-bucket-allocator-block-size=33554432"
    "memorysetup-profiler-bucket-allocator-block-count=8"
    "memorysetup-profiler-allocator-block-size=16777216"
    "memorysetup-profiler-editor-allocator-block-size=1048576"
    "memorysetup-temp-allocator-size-main=16777216"
    "memorysetup-job-temp-allocator-block-size=2097152"
    "memorysetup-job-temp-allocator-block-size-background=1048576"
    "memorysetup-job-temp-allocator-reduction-small-platforms=262144"
    "memorysetup-temp-allocator-size-background-worker=32768"
    "memorysetup-temp-allocator-size-job-worker=262144"
    "memorysetup-temp-allocator-size-preload-manager=33554432"
    "memorysetup-temp-allocator-size-nav-mesh-worker=65536"
    "memorysetup-temp-allocator-size-audio-worker=65536"
    "memorysetup-temp-allocator-size-cloud-worker=32768"
    "memorysetup-temp-allocator-size-gi-baking-worker=262144"
    "memorysetup-temp-allocator-size-gfx=262144"
Refreshing native plugins compatible for Editor in 70.89 ms, found 3 plugins.
Preloading 0 native plugins for Editor in 0.00 ms.
Initialize engine version: 2021.3.3f1 (af2e63e8f9bd)
[Subsystems] Discovering subsystems at path C:/Program Files/Unity/Hub/Editor/2021.3.3f1/Editor/Data/Resources/UnitySubsystems
[Subsystems] Discovering subsystems at path D:/MyMy/Programming/diceGame/Assets
GfxDevice: creating device client; threaded=0; jobified=0
Direct3D:
    Version:  Direct3D 11.0 [level 11.1]
    Renderer: NVIDIA GeForce RTX 3060 (ID=0x2503)
    Vendor:   NVIDIA
    VRAM:     12129 MB
    Driver:   31.0.15.3623
Initialize mono
Mono path[0] = 'C:/Program Files/Unity/Hub/Editor/2021.3.3f1/Editor/Data/Managed'
Mono path[1] = 'C:/Program Files/Unity/Hub/Editor/2021.3.3f1/Editor/Data/MonoBleedingEdge/lib/mono/unityjit-win32'
Mono config path = 'C:/Program Files/Unity/Hub/Editor/2021.3.3f1/Editor/Data/MonoBleedingEdge/etc'
Using monoOptions --debugger-agent=transport=dt_socket,embedding=1,server=y,suspend=n,address=127.0.0.1:56240
Begin MonoManager ReloadAssembly
Registering precompiled unity dll's ...
Register platform support module: C:/Program Files/Unity/Hub/Editor/2021.3.3f1/Editor/Data/PlaybackEngines/AndroidPlayer/UnityEditor.Android.Extensions.dll
Register platform support module: C:/Program Files/Unity/Hub/Editor/2021.3.3f1/Editor/Data/PlaybackEngines/WindowsStandaloneSupport/UnityEditor.WindowsStandalone.Extensions.dll
Registered in 0.013446 seconds.
Native extension for WindowsStandalone target not found
Native extension for Android target not found
Refreshing native plugins compatible for Editor in 70.00 ms, found 3 plugins.
Preloading 0 native plugins for Editor in 0.00 ms.
Mono: successfully reloaded assembly
- Completed reload, in  0.600 seconds
Domain Reload Profiling:
	ReloadAssembly (600ms)
		BeginReloadAssembly (82ms)
			ExecutionOrderSort (0ms)
			DisableScriptedObjects (0ms)
			BackupInstance (0ms)
			ReleaseScriptingObjects (0ms)
			CreateAndSetChildDomain (1ms)
		EndReloadAssembly (406ms)
			LoadAssemblies (79ms)
			RebuildTransferFunctionScriptingTraits (0ms)
			SetupTypeCache (92ms)
			ReleaseScriptCaches (0ms)
			RebuildScriptCaches (22ms)
			SetupLoadedEditorAssemblies (247ms)
				LogAssemblyErrors (0ms)
				InitializePlatformSupportModulesInManaged (50ms)
				SetLoadedEditorAssemblies (0ms)
				RefreshPlugins (70ms)
				BeforeProcessingInitializeOnLoad (1ms)
				ProcessInitializeOnLoadAttributes (83ms)
				ProcessInitializeOnLoadMethodAttributes (43ms)
				AfterProcessingInitializeOnLoad (0ms)
				EditorAssembliesLoaded (0ms)
			ExecutionOrderSort2 (0ms)
			AwakeInstancesAfterBackupRestoration (0ms)
Platform modules already initialized, skipping
Registering precompiled user dll's ...
Registered in 0.004842 seconds.
Begin MonoManager ReloadAssembly
Symbol file LoadedFromMemory doesn't match image D:\MyMy\Programming\diceGame\Library\PackageCache\com.unity.visualscripting@1.7.6\Editor\VisualScripting.Core\Dependencies\YamlDotNet\Unity.VisualScripting.YamlDotNet.dll
Symbol file LoadedFromMemory doesn't match image D:\MyMy\Programming\diceGame\Library\PackageCache\com.unity.visualscripting@1.7.6\Editor\VisualScripting.Core\Dependencies\DotNetZip\Unity.VisualScripting.IonicZip.dll
Native extension for WindowsStandalone target not found
Native extension for Android target not found
Refreshing native plugins compatible for Editor in 0.49 ms, found 3 plugins.
Preloading 0 native plugins for Editor in 0.00 ms.
Mono: successfully reloaded assembly
- Completed reload, in  1.024 seconds
Domain Reload Profiling:
	ReloadAssembly (1024ms)
		BeginReloadAssembly (222ms)
			ExecutionOrderSort (0ms)
			DisableScriptedObjects (5ms)
			BackupInstance (0ms)
			ReleaseScriptingObjects (0ms)
			CreateAndSetChildDomain (125ms)
		EndReloadAssembly (698ms)
			LoadAssemblies (93ms)
			RebuildTransferFunctionScriptingTraits (0ms)
			SetupTypeCache (225ms)
			ReleaseScriptCaches (1ms)
			RebuildScriptCaches (42ms)
			SetupLoadedEditorAssemblies (320ms)
				LogAssemblyErrors (0ms)
				InitializePlatformSupportModulesInManaged (15ms)
				SetLoadedEditorAssemblies (0ms)
				RefreshPlugins (1ms)
				BeforeProcessingInitializeOnLoad (81ms)
				ProcessInitializeOnLoadAttributes (187ms)
				ProcessInitializeOnLoadMethodAttributes (23ms)
				AfterProcessingInitializeOnLoad (13ms)
				EditorAssembliesLoaded (0ms)
			ExecutionOrderSort2 (0ms)
			AwakeInstancesAfterBackupRestoration (10ms)
Platform modules already initialized, skipping
========================================================================
Worker process is ready to serve import requests
Launched and connected shader compiler UnityShaderCompiler.exe after 0.05 seconds
Refreshing native plugins compatible for Editor in 0.51 ms, found 3 plugins.
Preloading 0 native plugins for Editor in 0.00 ms.
Unloading 3406 Unused Serialized files (Serialized files now loaded: 0)
Unloading 26 unused Assets / (112.2 KB). Loaded Objects now: 3865.
Memory consumption went from 117.0 MB to 116.9 MB.
Total: 3.093900 ms (FindLiveObjects: 0.247100 ms CreateObjectMapping: 0.181900 ms MarkObjects: 2.588800 ms  DeleteObjects: 0.075500 ms)

AssetImportParameters requested are different than current active one (requested -> active):
  custom:video-decoder-ogg-theora: a1e56fd34408186e4bbccfd4996cb3dc -> 
  custom:container-muxer-webm: aa71ff27fc2769a1b78a27578f13a17b -> 
  custom:container-demuxer-webm: 4f35f7cbe854078d1ac9338744f61a02 -> 
  custom:video-encoder-webm-vp8: eb34c28f22e8b96e1ab97ce403110664 -> 
  custom:audio-encoder-webm-vorbis: bf7c407c2cedff20999df2af8eb42d56 -> 
  custom:framework-win-MediaFoundation: 216162199b28c13a410421893ffa2e32 -> 
  custom:container-demuxer-ogg: 62fdf1f143b41e24485cea50d1cbac27 -> 
  custom:video-decoder-webm-vp8: 9c59270c3fd7afecdb556c50c9e8de78 -> 
  custom:audio-decoder-ogg-vorbis: bf7c407c2cedff20999df2af8eb42d56 -> 
========================================================================
Received Import Request.
  Time since last request: 780123.100902 seconds.
  path: Assets/Uduino/Uduino.prefab
  artifactKey: Guid(bb5e6aea88a650f4a8317e74940b0ea4) Importer(815301076,1909f56bfc062723c751e8b465ee728b)
Start importing Assets/Uduino/Uduino.prefab using Guid(bb5e6aea88a650f4a8317e74940b0ea4) Importer(815301076,1909f56bfc062723c751e8b465ee728b)  -> (artifact id: 'cad4ff72a7cc4307d06e4cf68cdbc0f7') in 0.050371 seconds 
========================================================================
Received Import Request.
  Time since last request: 0.000016 seconds.
  path: Assets/Scenes/SampleScene.unity
  artifactKey: Guid(9fc0d4010bbf28b4594072e72b8655ab) Importer(815301076,1909f56bfc062723c751e8b465ee728b)
Start importing Assets/Scenes/SampleScene.unity using Guid(9fc0d4010bbf28b4594072e72b8655ab) Importer(815301076,1909f56bfc062723c751e8b465ee728b)  -> (artifact id: '31ab6133b97ebd715028961ce3cafa71') in 0.006896 seconds 
========================================================================
Received Import Request.
  Time since last request: 7.727984 seconds.
  path: Assets/Uduino/Uduino.unity
  artifactKey: Guid(56de34e9c5a6cf84ba6f02dfe4158953) Importer(815301076,1909f56bfc062723c751e8b465ee728b)
Start importing Assets/Uduino/Uduino.unity using Guid(56de34e9c5a6cf84ba6f02dfe4158953) Importer(815301076,1909f56bfc062723c751e8b465ee728b)  -> (artifact id: 'cfa2e75c4449944d484dcdb2b216f026') in 0.006981 seconds 
========================================================================
Received Import Request.
  Time since last request: 17.766514 seconds.
  path: Assets/Dice/Plugins
  artifactKey: Guid(6821ba99940c94d499ce258f79c3fac6) Importer(815301076,1909f56bfc062723c751e8b465ee728b)
Start importing Assets/Dice/Plugins using Guid(6821ba99940c94d499ce258f79c3fac6) Importer(815301076,1909f56bfc062723c751e8b465ee728b)  -> (artifact id: '41dcf67968480e71fa405b1d5f84cb57') in 0.007150 seconds 
========================================================================
Received Import Request.
  Time since last request: 2.876610 seconds.
  path: Assets/Dice/Resources/Prefabs/d6-low.prefab
  artifactKey: Guid(748c84cdefcfa964db3fdba6fb44f8f1) Importer(815301076,1909f56bfc062723c751e8b465ee728b)
Start importing Assets/Dice/Resources/Prefabs/d6-low.prefab using Guid(748c84cdefcfa964db3fdba6fb44f8f1) Importer(815301076,1909f56bfc062723c751e8b465ee728b)  -> (artifact id: '639b8b7b4ed7f6e93003c04218b94aff') in 0.207894 seconds 
========================================================================
Received Import Request.
  Time since last request: 0.000018 seconds.
  path: Assets/Dice/Resources/Prefabs/d10.prefab
  artifactKey: Guid(a7d97a6373e22f94c8e2d68ea3b8195e) Importer(815301076,1909f56bfc062723c751e8b465ee728b)
Start importing Assets/Dice/Resources/Prefabs/d10.prefab using Guid(a7d97a6373e22f94c8e2d68ea3b8195e) Importer(815301076,1909f56bfc062723c751e8b465ee728b)  -> (artifact id: '1be04a7f091946f9b858f987d52d7900') in 0.022953 seconds 
========================================================================
Received Import Request.
  Time since last request: 3.216647 seconds.
  path: Assets/Dice/Resources/Materials/d6/d6-black-dots.mat
  artifactKey: Guid(2d23a50a406aff5458cc0d241bfae019) Importer(815301076,1909f56bfc062723c751e8b465ee728b)
Start importing Assets/Dice/Resources/Materials/d6/d6-black-dots.mat using Guid(2d23a50a406aff5458cc0d241bfae019) Importer(815301076,1909f56bfc062723c751e8b465ee728b)  -> (artifact id: '69af82e9a18c73e072553f9f0cc4c667') in 0.043466 seconds 
========================================================================
Received Import Request.
  Time since last request: 0.000017 seconds.
  path: Assets/Dice/Resources/Materials/d6/d6-green.mat
  artifactKey: Guid(385bf750768ab334dbabe5e20e108a5f) Importer(815301076,1909f56bfc062723c751e8b465ee728b)
Start importing Assets/Dice/Resources/Materials/d6/d6-green.mat using Guid(385bf750768ab334dbabe5e20e108a5f) Importer(815301076,1909f56bfc062723c751e8b465ee728b)  -> (artifact id: '22efc4fd7854986507e09c813be20262') in 0.017657 seconds 
========================================================================
Received Import Request.
  Time since last request: 0.000029 seconds.
  path: Assets/Dice/Resources/Materials/d6/d6-red.mat
  artifactKey: Guid(3c9ac9c6b31450740a720dfef2eb1964) Importer(815301076,1909f56bfc062723c751e8b465ee728b)
Start importing Assets/Dice/Resources/Materials/d6/d6-red.mat using Guid(3c9ac9c6b31450740a720dfef2eb1964) Importer(815301076,1909f56bfc062723c751e8b465ee728b)  -> (artifact id: 'c9de3f7bf22047015c02b0511fe15503') in 0.017337 seconds 
========================================================================
Received Import Request.
  Time since last request: 0.000029 seconds.
  path: Assets/Dice/Resources/Materials/d6/d6-yellow-dots.mat
  artifactKey: Guid(8e2765f0a5f658b4fbcfc925c5e36f28) Importer(815301076,1909f56bfc062723c751e8b465ee728b)
Start importing Assets/Dice/Resources/Materials/d6/d6-yellow-dots.mat using Guid(8e2765f0a5f658b4fbcfc925c5e36f28) Importer(815301076,1909f56bfc062723c751e8b465ee728b)  -> (artifact id: 'a85db908b3118e87047256f3b844ee88') in 0.014752 seconds 
========================================================================
Received Import Request.
  Time since last request: 0.000020 seconds.
  path: Assets/Dice/Resources/Materials/d6/d6-green-dots.mat
  artifactKey: Guid(77f5f6f15d2d29540a295443981a6a3a) Importer(815301076,1909f56bfc062723c751e8b465ee728b)
Start importing Assets/Dice/Resources/Materials/d6/d6-green-dots.mat using Guid(77f5f6f15d2d29540a295443981a6a3a) Importer(815301076,1909f56bfc062723c751e8b465ee728b)  -> (artifact id: '6bbec88e98d53d139cba4fd72eeb8552') in 0.014004 seconds 
========================================================================
Received Import Request.
  Time since last request: 0.000022 seconds.
  path: Assets/Dice/Resources/Materials/d6/d6-yellow.mat
  artifactKey: Guid(fe9fe026dfd4cf749a39ad1fac2332f5) Importer(815301076,1909f56bfc062723c751e8b465ee728b)
Start importing Assets/Dice/Resources/Materials/d6/d6-yellow.mat using Guid(fe9fe026dfd4cf749a39ad1fac2332f5) Importer(815301076,1909f56bfc062723c751e8b465ee728b)  -> (artifact id: 'bd8dfa1f7f8bf14cd89a6430e2beef9a') in 0.015791 seconds 
========================================================================
Received Import Request.
  Time since last request: 0.000019 seconds.
  path: Assets/Dice/Resources/Materials/d6/d6-white.mat
  artifactKey: Guid(312ed6909ba151f419344958083e6c20) Importer(815301076,1909f56bfc062723c751e8b465ee728b)
Start importing Assets/Dice/Resources/Materials/d6/d6-white.mat using Guid(312ed6909ba151f419344958083e6c20) Importer(815301076,1909f56bfc062723c751e8b465ee728b)  -> (artifact id: '6b34e6f2d414cf4e59915200edb9716e') in 0.100741 seconds 
========================================================================
Received Import Request.
  Time since last request: 0.299254 seconds.
  path: Assets/Dice/Resources/Materials/d10/d10-black.mat
  artifactKey: Guid(59e0ed2c06be16845be9c0669c0679df) Importer(815301076,1909f56bfc062723c751e8b465ee728b)
Start importing Assets/Dice/Resources/Materials/d10/d10-black.mat using Guid(59e0ed2c06be16845be9c0669c0679df) Importer(815301076,1909f56bfc062723c751e8b465ee728b)  -> (artifact id: 'e7b9027a9aaf366d51d16abaf6bff764') in 0.013914 seconds 
========================================================================
Received Import Request.
  Time since last request: 0.000013 seconds.
  path: Assets/Dice/Resources/Materials/d10/d10-yellow.mat
  artifactKey: Guid(238ad82d9949fe249b51c72f3ab723d8) Importer(815301076,1909f56bfc062723c751e8b465ee728b)
Start importing Assets/Dice/Resources/Materials/d10/d10-yellow.mat using Guid(238ad82d9949fe249b51c72f3ab723d8) Importer(815301076,1909f56bfc062723c751e8b465ee728b)  -> (artifact id: '65b958288aad73b2722550d98ee6cf2a') in 0.015011 seconds 
========================================================================
Received Import Request.
  Time since last request: 0.000015 seconds.
  path: Assets/Dice/Resources/Materials/d10/d10-green.mat
  artifactKey: Guid(ca1dc98672e13894eac4e0a839b30689) Importer(815301076,1909f56bfc062723c751e8b465ee728b)
Start importing Assets/Dice/Resources/Materials/d10/d10-green.mat using Guid(ca1dc98672e13894eac4e0a839b30689) Importer(815301076,1909f56bfc062723c751e8b465ee728b)  -> (artifact id: '14a2019e11358223b60ef7cce8395f40') in 0.014050 seconds 
========================================================================
Received Import Request.
  Time since last request: 35.760421 seconds.
  path: Assets/Projects/IMU/Materials/1954_shop1_945117.jpg
  artifactKey: Guid(9b1400c8cb58a8142a312f717b15f5a7) Importer(815301076,1909f56bfc062723c751e8b465ee728b)
Start importing Assets/Projects/IMU/Materials/1954_shop1_945117.jpg using Guid(9b1400c8cb58a8142a312f717b15f5a7) Importer(815301076,1909f56bfc062723c751e8b465ee728b)  -> (artifact id: '94e158739cd8028ef8d4215246e95673') in 0.069993 seconds 
========================================================================
Received Import Request.
  Time since last request: 0.000019 seconds.
  path: Assets/Projects/IMU/Materials/dicehole-left.jpg
  artifactKey: Guid(d28cba8bc66f72141b43e00ef6cc145e) Importer(815301076,1909f56bfc062723c751e8b465ee728b)
Start importing Assets/Projects/IMU/Materials/dicehole-left.jpg using Guid(d28cba8bc66f72141b43e00ef6cc145e) Importer(815301076,1909f56bfc062723c751e8b465ee728b)  -> (artifact id: 'af160d0b30ed9ccb8a9d22236501fdd7') in 0.013679 seconds 
========================================================================
Received Import Request.
  Time since last request: 0.000034 seconds.
  path: Assets/Projects/IMU/Materials/wall-right.jpg
  artifactKey: Guid(4d63db4fc600a8d4a85cc6883a0fb25b) Importer(815301076,1909f56bfc062723c751e8b465ee728b)
Start importing Assets/Projects/IMU/Materials/wall-right.jpg using Guid(4d63db4fc600a8d4a85cc6883a0fb25b) Importer(815301076,1909f56bfc062723c751e8b465ee728b)  -> (artifact id: '1b93e85c7bbf6457a18f30cc991b5fc4') in 0.014231 seconds 
========================================================================
Received Import Request.
  Time since last request: 0.000015 seconds.
  path: Assets/Projects/IMU/Materials/OragneIMU.mat
  artifactKey: Guid(5cfe9862481ee93489bfb0c14410aef6) Importer(815301076,1909f56bfc062723c751e8b465ee728b)
Start importing Assets/Projects/IMU/Materials/OragneIMU.mat using Guid(5cfe9862481ee93489bfb0c14410aef6) Importer(815301076,1909f56bfc062723c751e8b465ee728b)  -> (artifact id: '58a8e544ab9e5624caec6b5ec5b1210f') in 0.199399 seconds 
Editor requested this worker to shutdown with reason: Scaling down because of idle timeout
AssetImportWorker is now disconnected from the server
Process exiting
Exiting without the bug reporter. Application will terminate with return code 0