Using pre-set license
Built from '2021.3/staging' branch; Version is '2021.3.3f1 (af2e63e8f9bd) revision 11480675'; Using compiler version '192829333'; Build Type 'Release'
OS: 'Windows 10  (10.0.19045) 64bit Professional' Language: 'ko' Physical Memory: 32647 MB
BatchMode: 1, IsHumanControllingUs: 0, StartBugReporterOnCrash: 0, Is64bit: 1, IsPro: 1

COMMAND LINE ARGUMENTS:
C:\Program Files\Unity\Hub\Editor\2021.3.3f1\Editor\Unity.exe
-adb2
-batchMode
-noUpm
-name
AssetImportWorker2
-projectPath
D:/MyMy/Programming/diceGame
-logFile
Logs/AssetImportWorker2.log
-srvPort
3262
Successfully changed project path to: D:/MyMy/Programming/diceGame
D:/MyMy/Programming/diceGame
[UnityMemory] Configuration Parameters - Can be set up in boot.config
    "memorysetup-bucket-allocator-granularity=16"
    "memorysetup-bucket-allocator-bucket-count=8"
    "memorysetup-bucket-allocator-block-size=33554432"
    "memorysetup-bucket-allocator-block-count=8"
    "memorysetup-main-allocator-block-size=16777216"
    "memorysetup-thread-allocator-block-size=16777216"
    "memorysetup-gfx-main-allocator-block-size=16777216"
    "memorysetup-gfx-thread-allocator-block-size=16777216"
    "memorysetup-cache-allocator-block-size=4194304"
    "memorysetup-typetree-allocator-block-size=2097152"
    "memorysetup-profiler-bucket-allocator-granularity=16"
    "memorysetup-profiler-bucket-allocator-bucket-count=8"
    "memorysetup-profiler-bucket-allocator-block-size=33554432"
    "memorysetup-profiler-bucket-allocator-block-count=8"
    "memorysetup-profiler-allocator-block-size=16777216"
    "memorysetup-profiler-editor-allocator-block-size=1048576"
    "memorysetup-temp-allocator-size-main=16777216"
    "memorysetup-job-temp-allocator-block-size=2097152"
    "memorysetup-job-temp-allocator-block-size-background=1048576"
    "memorysetup-job-temp-allocator-reduction-small-platforms=262144"
    "memorysetup-temp-allocator-size-background-worker=32768"
    "memorysetup-temp-allocator-size-job-worker=262144"
    "memorysetup-temp-allocator-size-preload-manager=33554432"
    "memorysetup-temp-allocator-size-nav-mesh-worker=65536"
    "memorysetup-temp-allocator-size-audio-worker=65536"
    "memorysetup-temp-allocator-size-cloud-worker=32768"
    "memorysetup-temp-allocator-size-gi-baking-worker=262144"
    "memorysetup-temp-allocator-size-gfx=262144"
Refreshing native plugins compatible for Editor in 73.31 ms, found 3 plugins.
Preloading 0 native plugins for Editor in 0.00 ms.
Initialize engine version: 2021.3.3f1 (af2e63e8f9bd)
[Subsystems] Discovering subsystems at path C:/Program Files/Unity/Hub/Editor/2021.3.3f1/Editor/Data/Resources/UnitySubsystems
[Subsystems] Discovering subsystems at path D:/MyMy/Programming/diceGame/Assets
GfxDevice: creating device client; threaded=0; jobified=0
Direct3D:
    Version:  Direct3D 11.0 [level 11.1]
    Renderer: NVIDIA GeForce RTX 3060 (ID=0x2503)
    Vendor:   NVIDIA
    VRAM:     12129 MB
    Driver:   31.0.15.3623
Initialize mono
Mono path[0] = 'C:/Program Files/Unity/Hub/Editor/2021.3.3f1/Editor/Data/Managed'
Mono path[1] = 'C:/Program Files/Unity/Hub/Editor/2021.3.3f1/Editor/Data/MonoBleedingEdge/lib/mono/unityjit-win32'
Mono config path = 'C:/Program Files/Unity/Hub/Editor/2021.3.3f1/Editor/Data/MonoBleedingEdge/etc'
Using monoOptions --debugger-agent=transport=dt_socket,embedding=1,server=y,suspend=n,address=127.0.0.1:56816
Begin MonoManager ReloadAssembly
Registering precompiled unity dll's ...
Register platform support module: C:/Program Files/Unity/Hub/Editor/2021.3.3f1/Editor/Data/PlaybackEngines/AndroidPlayer/UnityEditor.Android.Extensions.dll
Register platform support module: C:/Program Files/Unity/Hub/Editor/2021.3.3f1/Editor/Data/PlaybackEngines/WindowsStandaloneSupport/UnityEditor.WindowsStandalone.Extensions.dll
Registered in 0.012649 seconds.
Native extension for WindowsStandalone target not found
Native extension for Android target not found
Refreshing native plugins compatible for Editor in 73.36 ms, found 3 plugins.
Preloading 0 native plugins for Editor in 0.00 ms.
Mono: successfully reloaded assembly
- Completed reload, in  0.612 seconds
Domain Reload Profiling:
	ReloadAssembly (613ms)
		BeginReloadAssembly (92ms)
			ExecutionOrderSort (0ms)
			DisableScriptedObjects (0ms)
			BackupInstance (0ms)
			ReleaseScriptingObjects (0ms)
			CreateAndSetChildDomain (1ms)
		EndReloadAssembly (411ms)
			LoadAssemblies (89ms)
			RebuildTransferFunctionScriptingTraits (0ms)
			SetupTypeCache (93ms)
			ReleaseScriptCaches (0ms)
			RebuildScriptCaches (23ms)
			SetupLoadedEditorAssemblies (249ms)
				LogAssemblyErrors (0ms)
				InitializePlatformSupportModulesInManaged (51ms)
				SetLoadedEditorAssemblies (0ms)
				RefreshPlugins (73ms)
				BeforeProcessingInitializeOnLoad (1ms)
				ProcessInitializeOnLoadAttributes (81ms)
				ProcessInitializeOnLoadMethodAttributes (42ms)
				AfterProcessingInitializeOnLoad (0ms)
				EditorAssembliesLoaded (0ms)
			ExecutionOrderSort2 (0ms)
			AwakeInstancesAfterBackupRestoration (0ms)
Platform modules already initialized, skipping
Registering precompiled user dll's ...
Registered in 0.005166 seconds.
Begin MonoManager ReloadAssembly
Symbol file LoadedFromMemory doesn't match image D:\MyMy\Programming\diceGame\Library\PackageCache\com.unity.visualscripting@1.7.6\Editor\VisualScripting.Core\Dependencies\YamlDotNet\Unity.VisualScripting.YamlDotNet.dll
Symbol file LoadedFromMemory doesn't match image D:\MyMy\Programming\diceGame\Library\PackageCache\com.unity.visualscripting@1.7.6\Editor\VisualScripting.Core\Dependencies\DotNetZip\Unity.VisualScripting.IonicZip.dll
Native extension for WindowsStandalone target not found
Native extension for Android target not found
Refreshing native plugins compatible for Editor in 0.49 ms, found 3 plugins.
Preloading 0 native plugins for Editor in 0.00 ms.
Mono: successfully reloaded assembly
- Completed reload, in  1.042 seconds
Domain Reload Profiling:
	ReloadAssembly (1042ms)
		BeginReloadAssembly (224ms)
			ExecutionOrderSort (0ms)
			DisableScriptedObjects (5ms)
			BackupInstance (0ms)
			ReleaseScriptingObjects (0ms)
			CreateAndSetChildDomain (121ms)
		EndReloadAssembly (711ms)
			LoadAssemblies (99ms)
			RebuildTransferFunctionScriptingTraits (0ms)
			SetupTypeCache (224ms)
			ReleaseScriptCaches (1ms)
			RebuildScriptCaches (42ms)
			SetupLoadedEditorAssemblies (321ms)
				LogAssemblyErrors (0ms)
				InitializePlatformSupportModulesInManaged (16ms)
				SetLoadedEditorAssemblies (0ms)
				RefreshPlugins (1ms)
				BeforeProcessingInitializeOnLoad (80ms)
				ProcessInitializeOnLoadAttributes (188ms)
				ProcessInitializeOnLoadMethodAttributes (23ms)
				AfterProcessingInitializeOnLoad (13ms)
				EditorAssembliesLoaded (0ms)
			ExecutionOrderSort2 (0ms)
			AwakeInstancesAfterBackupRestoration (13ms)
Platform modules already initialized, skipping
========================================================================
Worker process is ready to serve import requests
Launched and connected shader compiler UnityShaderCompiler.exe after 0.05 seconds
Refreshing native plugins compatible for Editor in 0.92 ms, found 3 plugins.
Preloading 0 native plugins for Editor in 0.00 ms.
Unloading 3406 Unused Serialized files (Serialized files now loaded: 0)
Unloading 26 unused Assets / (112.2 KB). Loaded Objects now: 3865.
Memory consumption went from 117.0 MB to 116.9 MB.
Total: 2.613700 ms (FindLiveObjects: 0.260000 ms CreateObjectMapping: 0.196800 ms MarkObjects: 2.063200 ms  DeleteObjects: 0.092700 ms)

AssetImportParameters requested are different than current active one (requested -> active):
  custom:video-decoder-ogg-theora: a1e56fd34408186e4bbccfd4996cb3dc -> 
  custom:container-muxer-webm: aa71ff27fc2769a1b78a27578f13a17b -> 
  custom:container-demuxer-webm: 4f35f7cbe854078d1ac9338744f61a02 -> 
  custom:video-encoder-webm-vp8: eb34c28f22e8b96e1ab97ce403110664 -> 
  custom:audio-encoder-webm-vorbis: bf7c407c2cedff20999df2af8eb42d56 -> 
  custom:framework-win-MediaFoundation: 216162199b28c13a410421893ffa2e32 -> 
  custom:container-demuxer-ogg: 62fdf1f143b41e24485cea50d1cbac27 -> 
  custom:video-decoder-webm-vp8: 9c59270c3fd7afecdb556c50c9e8de78 -> 
  custom:audio-decoder-ogg-vorbis: bf7c407c2cedff20999df2af8eb42d56 -> 
========================================================================
Received Import Request.
  Time since last request: 780158.762489 seconds.
  path: Assets/Dice/scenes/Demo
  artifactKey: Guid(5270d7f4f21af3249aac80bc37e6adb7) Importer(815301076,1909f56bfc062723c751e8b465ee728b)
Start importing Assets/Dice/scenes/Demo using Guid(5270d7f4f21af3249aac80bc37e6adb7) Importer(815301076,1909f56bfc062723c751e8b465ee728b)  -> (artifact id: '738506dbd75bd401081c07ca877fffc3') in 0.010751 seconds 
========================================================================
Received Import Request.
  Time since last request: 0.682541 seconds.
  path: Assets/Dice/scenes/Demo/demo.unity
  artifactKey: Guid(9bffaf85fa8153c4ba4e72b19277f390) Importer(815301076,1909f56bfc062723c751e8b465ee728b)
Start importing Assets/Dice/scenes/Demo/demo.unity using Guid(9bffaf85fa8153c4ba4e72b19277f390) Importer(815301076,1909f56bfc062723c751e8b465ee728b)  -> (artifact id: '5f5d39eaf00c6721b9f31c0cb8614821') in 0.006760 seconds 
========================================================================
Received Import Request.
  Time since last request: 22.944995 seconds.
  path: Assets/Projects/IMU/IMU.unity
  artifactKey: Guid(6a38fa760a8800d479b2c78ae4259f74) Importer(815301076,1909f56bfc062723c751e8b465ee728b)
Start importing Assets/Projects/IMU/IMU.unity using Guid(6a38fa760a8800d479b2c78ae4259f74) Importer(815301076,1909f56bfc062723c751e8b465ee728b)  -> (artifact id: '35c34b4beca24d441351fbeae8c3afb4') in 0.006548 seconds 
========================================================================
Received Import Request.
  Time since last request: 8.977388 seconds.
  path: Assets/Projects/IMU/Materials/1954_shop1_9451qq17.jpg
  artifactKey: Guid(f9a71511df164044a98f4b148fc5341b) Importer(815301076,1909f56bfc062723c751e8b465ee728b)
Start importing Assets/Projects/IMU/Materials/1954_shop1_9451qq17.jpg using Guid(f9a71511df164044a98f4b148fc5341b) Importer(815301076,1909f56bfc062723c751e8b465ee728b)  -> (artifact id: '701f08faf40ff2066cc892301e2e5c88') in 0.097845 seconds 
========================================================================
Received Import Request.
  Time since last request: 0.000022 seconds.
  path: Assets/Projects/IMU/Materials/dicehole-up.JPG
  artifactKey: Guid(176e93bec31f626408f6ca75ed409ac2) Importer(815301076,1909f56bfc062723c751e8b465ee728b)
Start importing Assets/Projects/IMU/Materials/dicehole-up.JPG using Guid(176e93bec31f626408f6ca75ed409ac2) Importer(815301076,1909f56bfc062723c751e8b465ee728b)  -> (artifact id: 'bdd1db532de7087a49f07b265f165136') in 0.023331 seconds 
========================================================================
Received Import Request.
  Time since last request: 0.000024 seconds.
  path: Assets/Projects/IMU/Materials/dicehole-right.jpg
  artifactKey: Guid(cf236ae9f1274194da853df5dc453b86) Importer(815301076,1909f56bfc062723c751e8b465ee728b)
Start importing Assets/Projects/IMU/Materials/dicehole-right.jpg using Guid(cf236ae9f1274194da853df5dc453b86) Importer(815301076,1909f56bfc062723c751e8b465ee728b)  -> (artifact id: 'c097718d8d14968f7ced3654cc4cfaa6') in 0.016857 seconds 
========================================================================
Received Import Request.
  Time since last request: 0.000015 seconds.
  path: Assets/Projects/IMU/Materials/wall-up.jpg
  artifactKey: Guid(707fc08e2adc6864fbc944aeada05ce5) Importer(815301076,1909f56bfc062723c751e8b465ee728b)
Start importing Assets/Projects/IMU/Materials/wall-up.jpg using Guid(707fc08e2adc6864fbc944aeada05ce5) Importer(815301076,1909f56bfc062723c751e8b465ee728b)  -> (artifact id: '241db2e1b37535ad5f2c7447dec89be9') in 0.012727 seconds 
========================================================================
Received Import Request.
  Time since last request: 0.000017 seconds.
  path: Assets/Projects/IMU/Materials/floor.JPG
  artifactKey: Guid(948bd434afd70424c8810147b343b67b) Importer(815301076,1909f56bfc062723c751e8b465ee728b)
Start importing Assets/Projects/IMU/Materials/floor.JPG using Guid(948bd434afd70424c8810147b343b67b) Importer(815301076,1909f56bfc062723c751e8b465ee728b)  -> (artifact id: 'c18dcab6b1a5d46016eda0c8a924aa8a') in 0.025984 seconds 
========================================================================
Received Import Request.
  Time since last request: 0.000028 seconds.
  path: Assets/Projects/IMU/Materials/wall-left.JPG
  artifactKey: Guid(9fabeaa21d3f379488cdb2ac309116ab) Importer(815301076,1909f56bfc062723c751e8b465ee728b)
Start importing Assets/Projects/IMU/Materials/wall-left.JPG using Guid(9fabeaa21d3f379488cdb2ac309116ab) Importer(815301076,1909f56bfc062723c751e8b465ee728b)  -> (artifact id: '22739d76573610b0be8d45d9e12c5844') in 0.013986 seconds 
========================================================================
Received Import Request.
  Time since last request: 0.000014 seconds.
  path: Assets/Projects/IMU/Materials/wall-down.jpg
  artifactKey: Guid(93366a019f490c648bed8818fc70527f) Importer(815301076,1909f56bfc062723c751e8b465ee728b)
Start importing Assets/Projects/IMU/Materials/wall-down.jpg using Guid(93366a019f490c648bed8818fc70527f) Importer(815301076,1909f56bfc062723c751e8b465ee728b)  -> (artifact id: '208b4642c801e36f9d23294dca029875') in 0.014439 seconds 
========================================================================
Received Import Request.
  Time since last request: 0.480483 seconds.
  path: Assets/Projects/IMU/TwoIMU/Wiring.png
  artifactKey: Guid(1bdf05a3d18af504080561a340d38309) Importer(815301076,1909f56bfc062723c751e8b465ee728b)
Start importing Assets/Projects/IMU/TwoIMU/Wiring.png using Guid(1bdf05a3d18af504080561a340d38309) Importer(815301076,1909f56bfc062723c751e8b465ee728b)  -> (artifact id: 'b7a9405b2e5e7b5d604aa497a5144e9a') in 0.015593 seconds 
